Arguments: 
  /usr/local/Cellar/node/11.10.0/bin/node /usr/local/Cellar/yarn/1.13.0/libexec/bin/yarn.js dev

PATH: 
  ./bin:./node_modules/.bin:/Users/minhhienpham/.rbenv/shims:/Users/minhhienpham/.rbenv/bin:/usr/local/bin:/usr/bin:/bin:/usr/sbin:/sbin:/Applications/Postgres.app/Contents/Versions/latest/bin:/usr/local/sbin

Yarn version: 
  1.13.0

Node version: 
  11.10.0

Platform: 
  darwin x64

Trace: 
  SyntaxError: /Users/minhhienpham/code/Minhshi/minh-blog/package.json: Unexpected string in JSON at position 188
      at JSON.parse (<anonymous>)
      at /usr/local/Cellar/yarn/1.13.0/libexec/lib/cli.js:1625:59
      at Generator.next (<anonymous>)
      at step (/usr/local/Cellar/yarn/1.13.0/libexec/lib/cli.js:304:30)
      at /usr/local/Cellar/yarn/1.13.0/libexec/lib/cli.js:315:13

npm manifest: 
  {
    "name": "minh-blog",
    "version": "1.0.0",
    "main": "index.js",
    "license": "MIT",
    "dependencies": {
      "next": "^8.1.0",
      "react": "^16.8.6",
      "react-dom": "^16.8.6"
    }
    "scripts": {
      "dev": "next",
      "build": "next build",
      "start": "next start"
    }
  }

yarn manifest: 
  No manifest

Lockfile: 
  No lockfile
